<?xml version="1.0" encoding="UTF-8"?>
<!-- Generated by org.testng.reporters.JUnitReportReporter -->
<testsuite hostname="DESKTOP-V7A1NRS" failures="0" tests="1" name="testCases.LoginTC" time="4.843" errors="0" timestamp="2023-11-02T21:20:25 IST" skipped="0">
  <testcase classname="testCases.LoginTC" name="credLogin" time="4.843"/>
</testsuite> <!-- testCases.LoginTC -->
