<?xml version="1.0" encoding="UTF-8"?>
<!-- Generated by org.testng.reporters.JUnitReportReporter -->
<testsuite hostname="DESKTOP-V7A1NRS" failures="0" tests="1" name="testCases.BooksCatalogueTC" time="4.800" errors="0" timestamp="2023-11-02T21:29:21 IST" skipped="0">
  <testcase classname="testCases.BooksCatalogueTC" name="feedDetails" time="4.800"/>
</testsuite> <!-- testCases.BooksCatalogueTC -->
