<?xml version="1.0" encoding="UTF-8"?>
<!-- Generated by org.testng.reporters.JUnitReportReporter -->
<testsuite hostname="DESKTOP-V7A1NRS" failures="0" tests="1" name="testCases.AddToCartTC" time="47.149" errors="0" timestamp="2023-11-02T13:15:15 IST" skipped="0">
  <testcase classname="testCases.AddToCartTC" name="checkAddtoCart" time="47.149"/>
</testsuite> <!-- testCases.AddToCartTC -->
