<?xml version="1.0" encoding="UTF-8"?>
<!-- Generated by org.testng.reporters.JUnitReportReporter -->
<testsuite hostname="DESKTOP-V7A1NRS" failures="0" tests="1" name="testCases.SearchTC$SearchFunctionalityTest" time="2.351" errors="0" timestamp="2023-11-01T17:31:10 IST" skipped="0">
  <testcase classname="testCases.SearchTC$SearchFunctionalityTest" name="testSearchFunctionality" time="2.351"/>
</testsuite> <!-- testCases.SearchTC$SearchFunctionalityTest -->
